<?xml version="1.0" encoding="UTF-8"?>
<!-- Generated by org.testng.reporters.JUnitXMLReporter -->
<testsuite ignored="0" hostname="Salman" failures="0" tests="4" name="PetTest" time="7.547" errors="0" timestamp="2023-08-18T12:28:33 IST">
  <testcase classname="api.test.UserTests2" name="testPostUser" time="2.345"/>
  <testcase classname="api.test.UserTests2" name="testGetUserByName" time="1.263"/>
  <testcase classname="api.test.UserTests2" name="testUpdateUserByName" time="2.422"/>
  <testcase classname="api.test.UserTests2" name="testDeleteUserByName" time="1.231"/>
</testsuite> <!-- PetTest -->
