<?xml version="1.0" encoding="UTF-8"?>
<!-- Generated by org.testng.reporters.JUnitXMLReporter -->
<testsuite ignored="0" hostname="Salman" failures="0" tests="6" name="Default test" time="10.475" errors="0" timestamp="2023-08-15T15:53:53 IST">
  <testcase classname="api.test.DataDrivenUserTest" name="testPostUser" time="2.766"/>
  <testcase classname="api.test.DataDrivenUserTest" name="testPostUser" time="1.391"/>
  <testcase classname="api.test.DataDrivenUserTest" name="testPostUser" time="1.311"/>
  <testcase classname="api.test.DataDrivenUserTest" name="testDeleteUser" time="1.314"/>
  <testcase classname="api.test.DataDrivenUserTest" name="testDeleteUser" time="1.483"/>
  <testcase classname="api.test.DataDrivenUserTest" name="testDeleteUser" time="1.226"/>
</testsuite> <!-- Default test -->
