<?xml version="1.0" encoding="UTF-8"?>
<!-- Generated by org.testng.reporters.JUnitXMLReporter -->
<testsuite ignored="0" hostname="Salman" failures="0" tests="4" name="PetTest" time="7.797" errors="0" timestamp="2023-08-18T11:50:11 IST">
  <testcase classname="api.test.UserTests2" name="testPostUser" time="2.48"/>
  <testcase classname="api.test.UserTests2" name="testGetUserByName" time="1.206"/>
  <testcase classname="api.test.UserTests2" name="testUpdateUserByName" time="2.575"/>
  <testcase classname="api.test.UserTests2" name="testDeleteUserByName" time="1.181"/>
</testsuite> <!-- PetTest -->
