<?xml version="1.0" encoding="UTF-8"?>
<testng-results ignored="0" total="4" passed="4" failed="0" skipped="0">
  <reporter-output>
  </reporter-output>
  <suite started-at="2023-08-18T12:28:26 IST" name="PetAutomationSuite" finished-at="2023-08-18T12:28:33 IST" duration-ms="7547">
    <groups>
    </groups>
    <test started-at="2023-08-18T12:28:26 IST" name="PetTest" finished-at="2023-08-18T12:28:33 IST" duration-ms="7547">
      <class name="api.test.UserTests2">
        <test-method is-config="true" signature="setUpData()[pri:0, instance:api.test.UserTests2@4f209819]" started-at="2023-08-18T12:28:26 IST" name="setUpData" finished-at="2023-08-18T12:28:26 IST" duration-ms="124" status="PASS">
          <reporter-output>
          </reporter-output>
        </test-method> <!-- setUpData -->
        <test-method signature="testPostUser()[pri:1, instance:api.test.UserTests2@4f209819]" started-at="2023-08-18T12:28:26 IST" name="testPostUser" finished-at="2023-08-18T12:28:28 IST" duration-ms="2345" status="PASS">
          <reporter-output>
          </reporter-output>
        </test-method> <!-- testPostUser -->
        <test-method signature="testGetUserByName()[pri:2, instance:api.test.UserTests2@4f209819]" started-at="2023-08-18T12:28:28 IST" name="testGetUserByName" finished-at="2023-08-18T12:28:30 IST" duration-ms="1263" status="PASS">
          <reporter-output>
          </reporter-output>
        </test-method> <!-- testGetUserByName -->
        <test-method signature="testUpdateUserByName()[pri:3, instance:api.test.UserTests2@4f209819]" started-at="2023-08-18T12:28:30 IST" name="testUpdateUserByName" finished-at="2023-08-18T12:28:32 IST" duration-ms="2422" status="PASS">
          <reporter-output>
          </reporter-output>
        </test-method> <!-- testUpdateUserByName -->
        <test-method signature="testDeleteUserByName()[pri:4, instance:api.test.UserTests2@4f209819]" started-at="2023-08-18T12:28:32 IST" name="testDeleteUserByName" finished-at="2023-08-18T12:28:33 IST" duration-ms="1231" status="PASS">
          <reporter-output>
          </reporter-output>
        </test-method> <!-- testDeleteUserByName -->
      </class> <!-- api.test.UserTests2 -->
    </test> <!-- PetTest -->
  </suite> <!-- PetAutomationSuite -->
</testng-results>
