<?xml version="1.0" encoding="UTF-8"?>
<testng-results ignored="0" total="4" passed="4" failed="0" skipped="0">
  <reporter-output>
  </reporter-output>
  <suite started-at="2023-08-18T11:50:03 IST" name="PetAutomationSuite" finished-at="2023-08-18T11:50:11 IST" duration-ms="7797">
    <groups>
    </groups>
    <test started-at="2023-08-18T11:50:03 IST" name="PetTest" finished-at="2023-08-18T11:50:11 IST" duration-ms="7797">
      <class name="api.test.UserTests2">
        <test-method is-config="true" signature="setUpData()[pri:0, instance:api.test.UserTests2@72d1ad2e]" started-at="2023-08-18T11:50:03 IST" name="setUpData" finished-at="2023-08-18T11:50:03 IST" duration-ms="124" status="PASS">
          <reporter-output>
          </reporter-output>
        </test-method> <!-- setUpData -->
        <test-method signature="testPostUser()[pri:1, instance:api.test.UserTests2@72d1ad2e]" started-at="2023-08-18T11:50:03 IST" name="testPostUser" finished-at="2023-08-18T11:50:06 IST" duration-ms="2480" status="PASS">
          <reporter-output>
          </reporter-output>
        </test-method> <!-- testPostUser -->
        <test-method signature="testGetUserByName()[pri:2, instance:api.test.UserTests2@72d1ad2e]" started-at="2023-08-18T11:50:06 IST" name="testGetUserByName" finished-at="2023-08-18T11:50:07 IST" duration-ms="1206" status="PASS">
          <reporter-output>
          </reporter-output>
        </test-method> <!-- testGetUserByName -->
        <test-method signature="testUpdateUserByName()[pri:3, instance:api.test.UserTests2@72d1ad2e]" started-at="2023-08-18T11:50:07 IST" name="testUpdateUserByName" finished-at="2023-08-18T11:50:09 IST" duration-ms="2575" status="PASS">
          <reporter-output>
          </reporter-output>
        </test-method> <!-- testUpdateUserByName -->
        <test-method signature="testDeleteUserByName()[pri:4, instance:api.test.UserTests2@72d1ad2e]" started-at="2023-08-18T11:50:09 IST" name="testDeleteUserByName" finished-at="2023-08-18T11:50:11 IST" duration-ms="1181" status="PASS">
          <reporter-output>
          </reporter-output>
        </test-method> <!-- testDeleteUserByName -->
      </class> <!-- api.test.UserTests2 -->
    </test> <!-- PetTest -->
  </suite> <!-- PetAutomationSuite -->
</testng-results>
